Using pre-set license
Built from '2020.3/staging' branch; Version is '2020.3.23f1 (c5d91304a876) revision 12966163'; Using compiler version '192528614'; Build Type 'Release'
OS: 'Windows 10 Home; OS build 19044.2251; Version 2009; 64bit' Language: 'en' Physical Memory: 8034 MB
BatchMode: 1, IsHumanControllingUs: 0, StartBugReporterOnCrash: 0, Is64bit: 1, IsPro: 0

COMMAND LINE ARGUMENTS:
C:\Program Files\Unity 2020.3.23f1\Editor\Unity.exe
-adb2
-batchMode
-noUpm
-name
AssetImportWorker0
-projectPath
C:/Users/Acer/Documents/Git/3D-Platformer-dh
-logFile
Logs/AssetImportWorker0.log
-srvPort
61284
Successfully changed project path to: C:/Users/Acer/Documents/Git/3D-Platformer-dh
C:/Users/Acer/Documents/Git/3D-Platformer-dh
Using Asset Import Pipeline V2.
Refreshing native plugins compatible for Editor in 43.21 ms, found 3 plugins.
Preloading 0 native plugins for Editor in 0.00 ms.
Initialize engine version: 2020.3.23f1 (c5d91304a876)
[Subsystems] Discovering subsystems at path C:/Program Files/Unity 2020.3.23f1/Editor/Data/Resources/UnitySubsystems
[Subsystems] Discovering subsystems at path C:/Users/Acer/Documents/Git/3D-Platformer-dh/Assets
GfxDevice: creating device client; threaded=0
Direct3D:
    Version:  Direct3D 11.0 [level 11.1]
    Renderer: NVIDIA GeForce GTX 1050 (ID=0x1c8d)
    Vendor:   
    VRAM:     4019 MB
    Driver:   31.0.15.1748
Initialize mono
Mono path[0] = 'C:/Program Files/Unity 2020.3.23f1/Editor/Data/Managed'
Mono path[1] = 'C:/Program Files/Unity 2020.3.23f1/Editor/Data/MonoBleedingEdge/lib/mono/unityjit'
Mono config path = 'C:/Program Files/Unity 2020.3.23f1/Editor/Data/MonoBleedingEdge/etc'
Using monoOptions --debugger-agent=transport=dt_socket,embedding=1,server=y,suspend=n,address=127.0.0.1:56964
Begin MonoManager ReloadAssembly
Registering precompiled unity dll's ...
Register platform support module: C:/Program Files/Unity 2020.3.23f1/Editor/Data/PlaybackEngines/WindowsStandaloneSupport/UnityEditor.WindowsStandalone.Extensions.dll
Registered in 0.002357 seconds.
Native extension for WindowsStandalone target not found
Refreshing native plugins compatible for Editor in 38.36 ms, found 3 plugins.
Preloading 0 native plugins for Editor in 0.00 ms.
Mono: successfully reloaded assembly
- Completed reload, in  0.560 seconds
Domain Reload Profiling:
	ReloadAssembly (560ms)
		BeginReloadAssembly (53ms)
			ExecutionOrderSort (0ms)
			DisableScriptedObjects (0ms)
			BackupInstance (0ms)
			ReleaseScriptingObjects (0ms)
			CreateAndSetChildDomain (1ms)
		EndReloadAssembly (433ms)
			LoadAssemblies (51ms)
			RebuildTransferFunctionScriptingTraits (0ms)
			SetupTypeCache (144ms)
			ReleaseScriptCaches (0ms)
			RebuildScriptCaches (29ms)
			SetupLoadedEditorAssemblies (163ms)
				LogAssemblyErrors (0ms)
				InitializePlatformSupportModulesInManaged (4ms)
				SetLoadedEditorAssemblies (0ms)
				RefreshPlugins (38ms)
				BeforeProcessingInitializeOnLoad (16ms)
				ProcessInitializeOnLoadAttributes (77ms)
				ProcessInitializeOnLoadMethodAttributes (27ms)
				AfterProcessingInitializeOnLoad (0ms)
				EditorAssembliesLoaded (0ms)
			ExecutionOrderSort2 (0ms)
			AwakeInstancesAfterBackupRestoration (0ms)
Platform modules already initialized, skipping
Registering precompiled user dll's ...
Registered in 0.005506 seconds.
Begin MonoManager ReloadAssembly
Native extension for WindowsStandalone target not found
Refreshing native plugins compatible for Editor in 0.51 ms, found 3 plugins.
Preloading 0 native plugins for Editor in 0.00 ms.
Mono: successfully reloaded assembly
- Completed reload, in  1.079 seconds
Domain Reload Profiling:
	ReloadAssembly (1080ms)
		BeginReloadAssembly (147ms)
			ExecutionOrderSort (0ms)
			DisableScriptedObjects (5ms)
			BackupInstance (0ms)
			ReleaseScriptingObjects (0ms)
			CreateAndSetChildDomain (18ms)
		EndReloadAssembly (862ms)
			LoadAssemblies (93ms)
			RebuildTransferFunctionScriptingTraits (0ms)
			SetupTypeCache (302ms)
			ReleaseScriptCaches (0ms)
			RebuildScriptCaches (46ms)
			SetupLoadedEditorAssemblies (336ms)
				LogAssemblyErrors (0ms)
				InitializePlatformSupportModulesInManaged (4ms)
				SetLoadedEditorAssemblies (0ms)
				RefreshPlugins (1ms)
				BeforeProcessingInitializeOnLoad (89ms)
				ProcessInitializeOnLoadAttributes (225ms)
				ProcessInitializeOnLoadMethodAttributes (9ms)
				AfterProcessingInitializeOnLoad (7ms)
				EditorAssembliesLoaded (0ms)
			ExecutionOrderSort2 (0ms)
			AwakeInstancesAfterBackupRestoration (6ms)
Platform modules already initialized, skipping
========================================================================
Worker process is ready to serve import requests
Launched and connected shader compiler UnityShaderCompiler.exe after 0.04 seconds
Refreshing native plugins compatible for Editor in 0.45 ms, found 3 plugins.
Preloading 0 native plugins for Editor in 0.00 ms.
Unloading 2255 Unused Serialized files (Serialized files now loaded: 0)
System memory in use before: 96.2 MB.
System memory in use after: 96.3 MB.

Unloading 23 unused Assets to reduce memory usage. Loaded Objects now: 2686.
Total: 3.355400 ms (FindLiveObjects: 0.230300 ms CreateObjectMapping: 0.083700 ms MarkObjects: 2.907000 ms  DeleteObjects: 0.133400 ms)

AssetImportParameters requested are different than current active one (requested -> active):
  custom:framework-win-MediaFoundation: 216162199b28c13a410421893ffa2e32 -> 
  custom:video-decoder-ogg-theora: a1e56fd34408186e4bbccfd4996cb3dc -> 
  custom:container-muxer-webm: aa71ff27fc2769a1b78a27578f13a17b -> 
  custom:container-demuxer-webm: 4f35f7cbe854078d1ac9338744f61a02 -> 
  custom:container-demuxer-ogg: 62fdf1f143b41e24485cea50d1cbac27 -> 
  custom:video-encoder-webm-vp8: eb34c28f22e8b96e1ab97ce403110664 -> 
  custom:video-decoder-webm-vp8: 9c59270c3fd7afecdb556c50c9e8de78 -> 
  custom:audio-decoder-ogg-vorbis: bf7c407c2cedff20999df2af8eb42d56 -> 
  custom:audio-encoder-webm-vorbis: bf7c407c2cedff20999df2af8eb42d56 -> 
========================================================================
Received Import Request.
  path: Assets/fbx import/pipe.fbx
  artifactKey: Guid(3d34dac8ca4e4f9438b2a5dc3ae2e733) Importer(815301076,1909f56bfc062723c751e8b465ee728b)
Start importing Assets/fbx import/pipe.fbx using Guid(3d34dac8ca4e4f9438b2a5dc3ae2e733) Importer(815301076,1909f56bfc062723c751e8b465ee728b)  -> (artifact id: '2f0900f2dfe6702c933b878cc256db55') in 0.595309 seconds 
  Import took 0.598484 seconds .

========================================================================
Received Import Request.
  Time since last request: 0.000342 seconds.
  path: Assets/fbx import/pipe intersection 2.fbx
  artifactKey: Guid(a80ae926ac537d3489998dc766961f5d) Importer(815301076,1909f56bfc062723c751e8b465ee728b)
Start importing Assets/fbx import/pipe intersection 2.fbx using Guid(a80ae926ac537d3489998dc766961f5d) Importer(815301076,1909f56bfc062723c751e8b465ee728b)  -> (artifact id: '9272c0d960781bd357f123a4f59073ca') in 0.022183 seconds 
  Import took 0.025974 seconds .

========================================================================
Received Import Request.
  Time since last request: 0.000313 seconds.
  path: Assets/fbx import
  artifactKey: Guid(881c322fc4c9115409c53dcba6cc6d63) Importer(815301076,1909f56bfc062723c751e8b465ee728b)
Start importing Assets/fbx import using Guid(881c322fc4c9115409c53dcba6cc6d63) Importer(815301076,1909f56bfc062723c751e8b465ee728b)  -> (artifact id: '9dda454fd84cf9bc2056d06a101e0bee') in 0.005483 seconds 
  Import took 0.009377 seconds .

========================================================================
Received Import Request.
  Time since last request: 0.000227 seconds.
  path: Assets/fbx import/pipe intersection 3.fbx
  artifactKey: Guid(68e1f5148c8759f4d922969b30c23265) Importer(815301076,1909f56bfc062723c751e8b465ee728b)
Start importing Assets/fbx import/pipe intersection 3.fbx using Guid(68e1f5148c8759f4d922969b30c23265) Importer(815301076,1909f56bfc062723c751e8b465ee728b)  -> (artifact id: '0dedab736823a2d7fb1566469a0b944f') in 0.023627 seconds 
  Import took 0.028431 seconds .

========================================================================
Received Import Request.
  Time since last request: 7.143918 seconds.
  path: Assets/fbx import/pipe.fbx
  artifactKey: Guid(3d34dac8ca4e4f9438b2a5dc3ae2e733) Importer(815301076,1909f56bfc062723c751e8b465ee728b)
Start importing Assets/fbx import/pipe.fbx using Guid(3d34dac8ca4e4f9438b2a5dc3ae2e733) Importer(815301076,1909f56bfc062723c751e8b465ee728b)  -> (artifact id: 'ae14c4360807712463ec71f985a2b98c') in 0.025533 seconds 
  Import took 0.030143 seconds .

========================================================================
Received Import Request.
  Time since last request: 5.122576 seconds.
  path: Assets/fbx import/pipe intersection 3.fbx
  artifactKey: Guid(68e1f5148c8759f4d922969b30c23265) Importer(815301076,1909f56bfc062723c751e8b465ee728b)
Start importing Assets/fbx import/pipe intersection 3.fbx using Guid(68e1f5148c8759f4d922969b30c23265) Importer(815301076,1909f56bfc062723c751e8b465ee728b)  -> (artifact id: '62b7e5c0ab18b36e278fcae454dc5384') in 0.019142 seconds 
  Import took 0.022851 seconds .

========================================================================
Received Import Request.
  Time since last request: 5.392436 seconds.
  path: Assets/fbx import/pipe intersection 2.fbx
  artifactKey: Guid(a80ae926ac537d3489998dc766961f5d) Importer(815301076,1909f56bfc062723c751e8b465ee728b)
Start importing Assets/fbx import/pipe intersection 2.fbx using Guid(a80ae926ac537d3489998dc766961f5d) Importer(815301076,1909f56bfc062723c751e8b465ee728b)  -> (artifact id: '9bc8157ef62417c74b069c496e3c35b8') in 0.079367 seconds 
  Import took 0.097821 seconds .

AssetImportWorkerClient::OnTransportError - code=2 error=End of file
