Using pre-set license
Built from '2020.3/staging' branch; Version is '2020.3.23f1 (c5d91304a876) revision 12966163'; Using compiler version '192528614'; Build Type 'Release'
OS: 'Windows 10 Home; OS build 19044.2251; Version 2009; 64bit' Language: 'en' Physical Memory: 8034 MB
BatchMode: 1, IsHumanControllingUs: 0, StartBugReporterOnCrash: 0, Is64bit: 1, IsPro: 0

COMMAND LINE ARGUMENTS:
C:\Program Files\Unity 2020.3.23f1\Editor\Unity.exe
-adb2
-batchMode
-noUpm
-name
AssetImportWorker2
-projectPath
C:/Users/Acer/Documents/Git/3D-Platformer-dh
-logFile
Logs/AssetImportWorker2.log
-srvPort
53600
Successfully changed project path to: C:/Users/Acer/Documents/Git/3D-Platformer-dh
C:/Users/Acer/Documents/Git/3D-Platformer-dh
Using Asset Import Pipeline V2.
Refreshing native plugins compatible for Editor in 59.24 ms, found 3 plugins.
Preloading 0 native plugins for Editor in 0.00 ms.
Initialize engine version: 2020.3.23f1 (c5d91304a876)
[Subsystems] Discovering subsystems at path C:/Program Files/Unity 2020.3.23f1/Editor/Data/Resources/UnitySubsystems
[Subsystems] Discovering subsystems at path C:/Users/Acer/Documents/Git/3D-Platformer-dh/Assets
GfxDevice: creating device client; threaded=0
Direct3D:
    Version:  Direct3D 11.0 [level 11.1]
    Renderer: NVIDIA GeForce GTX 1050 (ID=0x1c8d)
    Vendor:   
    VRAM:     4019 MB
    Driver:   31.0.15.1748
Initialize mono
Mono path[0] = 'C:/Program Files/Unity 2020.3.23f1/Editor/Data/Managed'
Mono path[1] = 'C:/Program Files/Unity 2020.3.23f1/Editor/Data/MonoBleedingEdge/lib/mono/unityjit'
Mono config path = 'C:/Program Files/Unity 2020.3.23f1/Editor/Data/MonoBleedingEdge/etc'
Using monoOptions --debugger-agent=transport=dt_socket,embedding=1,server=y,suspend=n,address=127.0.0.1:56660
Begin MonoManager ReloadAssembly
Registering precompiled unity dll's ...
Register platform support module: C:/Program Files/Unity 2020.3.23f1/Editor/Data/PlaybackEngines/WindowsStandaloneSupport/UnityEditor.WindowsStandalone.Extensions.dll
Registered in 0.002132 seconds.
Native extension for WindowsStandalone target not found
Refreshing native plugins compatible for Editor in 55.05 ms, found 3 plugins.
Preloading 0 native plugins for Editor in 0.00 ms.
Mono: successfully reloaded assembly
- Completed reload, in  0.584 seconds
Domain Reload Profiling:
	ReloadAssembly (584ms)
		BeginReloadAssembly (53ms)
			ExecutionOrderSort (0ms)
			DisableScriptedObjects (0ms)
			BackupInstance (0ms)
			ReleaseScriptingObjects (0ms)
			CreateAndSetChildDomain (1ms)
		EndReloadAssembly (460ms)
			LoadAssemblies (51ms)
			RebuildTransferFunctionScriptingTraits (0ms)
			SetupTypeCache (146ms)
			ReleaseScriptCaches (0ms)
			RebuildScriptCaches (30ms)
			SetupLoadedEditorAssemblies (172ms)
				LogAssemblyErrors (0ms)
				InitializePlatformSupportModulesInManaged (4ms)
				SetLoadedEditorAssemblies (0ms)
				RefreshPlugins (55ms)
				BeforeProcessingInitializeOnLoad (15ms)
				ProcessInitializeOnLoadAttributes (72ms)
				ProcessInitializeOnLoadMethodAttributes (25ms)
				AfterProcessingInitializeOnLoad (0ms)
				EditorAssembliesLoaded (0ms)
			ExecutionOrderSort2 (0ms)
			AwakeInstancesAfterBackupRestoration (0ms)
Platform modules already initialized, skipping
Registering precompiled user dll's ...
Registered in 0.005848 seconds.
Begin MonoManager ReloadAssembly
Native extension for WindowsStandalone target not found
Refreshing native plugins compatible for Editor in 54.91 ms, found 3 plugins.
Preloading 0 native plugins for Editor in 0.00 ms.
Mono: successfully reloaded assembly
- Completed reload, in  2.650 seconds
Domain Reload Profiling:
	ReloadAssembly (2651ms)
		BeginReloadAssembly (160ms)
			ExecutionOrderSort (0ms)
			DisableScriptedObjects (8ms)
			BackupInstance (0ms)
			ReleaseScriptingObjects (0ms)
			CreateAndSetChildDomain (18ms)
		EndReloadAssembly (2432ms)
			LoadAssemblies (1468ms)
			RebuildTransferFunctionScriptingTraits (0ms)
			SetupTypeCache (336ms)
			ReleaseScriptCaches (1ms)
			RebuildScriptCaches (51ms)
			SetupLoadedEditorAssemblies (461ms)
				LogAssemblyErrors (0ms)
				InitializePlatformSupportModulesInManaged (3ms)
				SetLoadedEditorAssemblies (0ms)
				RefreshPlugins (55ms)
				BeforeProcessingInitializeOnLoad (97ms)
				ProcessInitializeOnLoadAttributes (251ms)
				ProcessInitializeOnLoadMethodAttributes (47ms)
				AfterProcessingInitializeOnLoad (7ms)
				EditorAssembliesLoaded (0ms)
			ExecutionOrderSort2 (0ms)
			AwakeInstancesAfterBackupRestoration (6ms)
Platform modules already initialized, skipping
========================================================================
Worker process is ready to serve import requests
Launched and connected shader compiler UnityShaderCompiler.exe after 0.22 seconds
Refreshing native plugins compatible for Editor in 0.65 ms, found 3 plugins.
Preloading 0 native plugins for Editor in 0.00 ms.
Unloading 3212 Unused Serialized files (Serialized files now loaded: 0)
System memory in use before: 151.2 MB.
System memory in use after: 151.4 MB.

Unloading 24 unused Assets to reduce memory usage. Loaded Objects now: 3658.
Total: 3.639800 ms (FindLiveObjects: 0.285000 ms CreateObjectMapping: 0.114900 ms MarkObjects: 3.111700 ms  DeleteObjects: 0.127300 ms)

AssetImportParameters requested are different than current active one (requested -> active):
  custom:framework-win-MediaFoundation: 216162199b28c13a410421893ffa2e32 -> 
  custom:video-decoder-ogg-theora: a1e56fd34408186e4bbccfd4996cb3dc -> 
  custom:container-muxer-webm: aa71ff27fc2769a1b78a27578f13a17b -> 
  custom:container-demuxer-webm: 4f35f7cbe854078d1ac9338744f61a02 -> 
  custom:container-demuxer-ogg: 62fdf1f143b41e24485cea50d1cbac27 -> 
  custom:video-encoder-webm-vp8: eb34c28f22e8b96e1ab97ce403110664 -> 
  custom:video-decoder-webm-vp8: 9c59270c3fd7afecdb556c50c9e8de78 -> 
  custom:audio-decoder-ogg-vorbis: bf7c407c2cedff20999df2af8eb42d56 -> 
  custom:audio-encoder-webm-vorbis: bf7c407c2cedff20999df2af8eb42d56 -> 
========================================================================
Received Import Request.
  path: Assets/Custom/Graphics/Models/fbx import/level 0/land
  artifactKey: Guid(23174adc927c8c541bd29429e73e8151) Importer(815301076,1909f56bfc062723c751e8b465ee728b)
Start importing Assets/Custom/Graphics/Models/fbx import/level 0/land using Guid(23174adc927c8c541bd29429e73e8151) Importer(815301076,1909f56bfc062723c751e8b465ee728b)  -> (artifact id: 'e0058ac8df6b02dad707163ea009a1ca') in 0.108797 seconds 
  Import took 0.190322 seconds .

========================================================================
Received Import Request.
  Time since last request: 119.397206 seconds.
  path: Assets/Custom/Graphics/Models/fbx import/level 0/land/backCliff.fbx
  artifactKey: Guid(5364874e2558212459e782d38daa29dd) Importer(815301076,1909f56bfc062723c751e8b465ee728b)
Start importing Assets/Custom/Graphics/Models/fbx import/level 0/land/backCliff.fbx using Guid(5364874e2558212459e782d38daa29dd) Importer(815301076,1909f56bfc062723c751e8b465ee728b)  -> (artifact id: '687af0f14b497d621f198ad973000b5f') in 3.301009 seconds 
  Import took 3.322955 seconds .

========================================================================
Received Import Request.
  Time since last request: 0.000315 seconds.
  path: Assets/Custom/Graphics/Models/fbx import/level 0/land/lowCliff.fbx
  artifactKey: Guid(9f5c46f9358d10b40a44c3dcf8cfaf46) Importer(815301076,1909f56bfc062723c751e8b465ee728b)
Start importing Assets/Custom/Graphics/Models/fbx import/level 0/land/lowCliff.fbx using Guid(9f5c46f9358d10b40a44c3dcf8cfaf46) Importer(815301076,1909f56bfc062723c751e8b465ee728b)  -> (artifact id: '9177c4c2b07f32fffd79de25c3ac5abc') in 0.041098 seconds 
  Import took 0.067500 seconds .

========================================================================
Received Import Request.
  Time since last request: 0.000303 seconds.
  path: Assets/Custom/Graphics/Models/fbx import/level 0/land/strangeStairs.fbx
  artifactKey: Guid(90e7aeeed82686940862d64b10964347) Importer(815301076,1909f56bfc062723c751e8b465ee728b)
Start importing Assets/Custom/Graphics/Models/fbx import/level 0/land/strangeStairs.fbx using Guid(90e7aeeed82686940862d64b10964347) Importer(815301076,1909f56bfc062723c751e8b465ee728b)  -> (artifact id: '19092807e22e18d532d8ed66351ad790') in 0.052622 seconds 
  Import took 0.074546 seconds .

========================================================================
Received Import Request.
  Time since last request: 0.000309 seconds.
  path: Assets/Custom/Graphics/Models/fbx import/level 0/land/leftSideSlope.fbx
  artifactKey: Guid(60fbbe3c97804674ab1417b4d006c437) Importer(815301076,1909f56bfc062723c751e8b465ee728b)
Start importing Assets/Custom/Graphics/Models/fbx import/level 0/land/leftSideSlope.fbx using Guid(60fbbe3c97804674ab1417b4d006c437) Importer(815301076,1909f56bfc062723c751e8b465ee728b)  -> (artifact id: '12677e9a70604c6d9075cef9ebccb5d4') in 0.026826 seconds 
  Import took 0.042326 seconds .

========================================================================
Received Import Request.
  Time since last request: 0.000394 seconds.
  path: Assets/Custom/Graphics/Models/fbx import/level 0/land/backCliff_platform.fbx
  artifactKey: Guid(d4bdc7f4e717d7740916e83ce56a3cfe) Importer(815301076,1909f56bfc062723c751e8b465ee728b)
Start importing Assets/Custom/Graphics/Models/fbx import/level 0/land/backCliff_platform.fbx using Guid(d4bdc7f4e717d7740916e83ce56a3cfe) Importer(815301076,1909f56bfc062723c751e8b465ee728b)  -> (artifact id: 'e1ab75697988c8b9429084908750e33f') in 0.037496 seconds 
  Import took 0.066199 seconds .

========================================================================
Received Import Request.
  Time since last request: 0.000307 seconds.
  path: Assets/Custom/Graphics/Models/fbx import/level 0/land/startCliff.fbx
  artifactKey: Guid(9a7f708a929da94459abc7b89d4f513d) Importer(815301076,1909f56bfc062723c751e8b465ee728b)
Start importing Assets/Custom/Graphics/Models/fbx import/level 0/land/startCliff.fbx using Guid(9a7f708a929da94459abc7b89d4f513d) Importer(815301076,1909f56bfc062723c751e8b465ee728b)  -> (artifact id: 'f9707e0232cdcaadb1d823266340a4e6') in 0.034377 seconds 
  Import took 0.053656 seconds .

========================================================================
Received Import Request.
  Time since last request: 0.000314 seconds.
  path: Assets/Custom/Graphics/Models/fbx import/level 0/land/tallCliff.fbx
  artifactKey: Guid(74ab35ceb9668ec47ba9796dfe76ed35) Importer(815301076,1909f56bfc062723c751e8b465ee728b)
Start importing Assets/Custom/Graphics/Models/fbx import/level 0/land/tallCliff.fbx using Guid(74ab35ceb9668ec47ba9796dfe76ed35) Importer(815301076,1909f56bfc062723c751e8b465ee728b)  -> (artifact id: '55d64533077e9ce11730560b407392a3') in 0.034651 seconds 
  Import took 0.049203 seconds .

========================================================================
Received Import Request.
  Time since last request: 0.000313 seconds.
  path: Assets/Custom/Graphics/Models/fbx import/level 0/land/hugeIsland.fbx
  artifactKey: Guid(db79dcc556d9f9b48bcc19bcbabb3f59) Importer(815301076,1909f56bfc062723c751e8b465ee728b)
Start importing Assets/Custom/Graphics/Models/fbx import/level 0/land/hugeIsland.fbx using Guid(db79dcc556d9f9b48bcc19bcbabb3f59) Importer(815301076,1909f56bfc062723c751e8b465ee728b)  -> (artifact id: '8550a18ac4057b78046c2391be41d3e8') in 0.026409 seconds 
  Import took 0.049229 seconds .

========================================================================
Received Import Request.
  Time since last request: 10.785057 seconds.
  path: Assets/Custom/Graphics/Models/fbx import/level 0/land/backCliff.fbx
  artifactKey: Guid(5364874e2558212459e782d38daa29dd) Importer(815301076,1909f56bfc062723c751e8b465ee728b)
Start importing Assets/Custom/Graphics/Models/fbx import/level 0/land/backCliff.fbx using Guid(5364874e2558212459e782d38daa29dd) Importer(815301076,1909f56bfc062723c751e8b465ee728b)  -> (artifact id: 'f7cf2d020ef8a89ebdb9364bc15df664') in 0.045118 seconds 
  Import took 0.096050 seconds .

========================================================================
Received Import Request.
  Time since last request: 5.044788 seconds.
  path: Assets/Custom/Graphics/Models/fbx import/level 0/land/backCliff_platform.fbx
  artifactKey: Guid(d4bdc7f4e717d7740916e83ce56a3cfe) Importer(815301076,1909f56bfc062723c751e8b465ee728b)
Start importing Assets/Custom/Graphics/Models/fbx import/level 0/land/backCliff_platform.fbx using Guid(d4bdc7f4e717d7740916e83ce56a3cfe) Importer(815301076,1909f56bfc062723c751e8b465ee728b)  -> (artifact id: '4736c84ceddd33901ccf9e06511ad74f') in 0.029547 seconds 
  Import took 0.051260 seconds .

========================================================================
Received Import Request.
  Time since last request: 3.952457 seconds.
  path: Assets/Custom/Graphics/Models/fbx import/level 0/land/hugeIsland.fbx
  artifactKey: Guid(db79dcc556d9f9b48bcc19bcbabb3f59) Importer(815301076,1909f56bfc062723c751e8b465ee728b)
Start importing Assets/Custom/Graphics/Models/fbx import/level 0/land/hugeIsland.fbx using Guid(db79dcc556d9f9b48bcc19bcbabb3f59) Importer(815301076,1909f56bfc062723c751e8b465ee728b)  -> (artifact id: '2e74a534afcbb3a4965a68f598f50957') in 0.028028 seconds 
  Import took 0.045490 seconds .

========================================================================
Received Import Request.
  Time since last request: 5.243436 seconds.
  path: Assets/Custom/Graphics/Models/fbx import/level 0/land/leftSideSlope.fbx
  artifactKey: Guid(60fbbe3c97804674ab1417b4d006c437) Importer(815301076,1909f56bfc062723c751e8b465ee728b)
Start importing Assets/Custom/Graphics/Models/fbx import/level 0/land/leftSideSlope.fbx using Guid(60fbbe3c97804674ab1417b4d006c437) Importer(815301076,1909f56bfc062723c751e8b465ee728b)  -> (artifact id: 'c59ed1b508a78cbc855eb81245428c8f') in 0.029363 seconds 
  Import took 0.062468 seconds .

========================================================================
Received Import Request.
  Time since last request: 3.701973 seconds.
  path: Assets/Custom/Graphics/Models/fbx import/level 0/land/lowCliff.fbx
  artifactKey: Guid(9f5c46f9358d10b40a44c3dcf8cfaf46) Importer(815301076,1909f56bfc062723c751e8b465ee728b)
Start importing Assets/Custom/Graphics/Models/fbx import/level 0/land/lowCliff.fbx using Guid(9f5c46f9358d10b40a44c3dcf8cfaf46) Importer(815301076,1909f56bfc062723c751e8b465ee728b)  -> (artifact id: 'f37bd0cfe4c824bf9d8f15b58a2e15db') in 0.063811 seconds 
  Import took 0.079756 seconds .

========================================================================
Received Import Request.
  Time since last request: 3.414592 seconds.
  path: Assets/Custom/Graphics/Models/fbx import/level 0/land/startCliff.fbx
  artifactKey: Guid(9a7f708a929da94459abc7b89d4f513d) Importer(815301076,1909f56bfc062723c751e8b465ee728b)
Start importing Assets/Custom/Graphics/Models/fbx import/level 0/land/startCliff.fbx using Guid(9a7f708a929da94459abc7b89d4f513d) Importer(815301076,1909f56bfc062723c751e8b465ee728b)  -> (artifact id: 'f22ba59e83e64a508b8ab88bc4dc8b99') in 0.038704 seconds 
  Import took 0.059025 seconds .

========================================================================
Received Import Request.
  Time since last request: 3.919845 seconds.
  path: Assets/Custom/Graphics/Models/fbx import/level 0/land/strangeStairs.fbx
  artifactKey: Guid(90e7aeeed82686940862d64b10964347) Importer(815301076,1909f56bfc062723c751e8b465ee728b)
Start importing Assets/Custom/Graphics/Models/fbx import/level 0/land/strangeStairs.fbx using Guid(90e7aeeed82686940862d64b10964347) Importer(815301076,1909f56bfc062723c751e8b465ee728b)  -> (artifact id: 'fddeccd6933096f7830bcd71e49ae2e8') in 0.025687 seconds 
  Import took 0.030829 seconds .

========================================================================
Received Import Request.
  Time since last request: 3.744824 seconds.
  path: Assets/Custom/Graphics/Models/fbx import/level 0/land/tallCliff.fbx
  artifactKey: Guid(74ab35ceb9668ec47ba9796dfe76ed35) Importer(815301076,1909f56bfc062723c751e8b465ee728b)
Start importing Assets/Custom/Graphics/Models/fbx import/level 0/land/tallCliff.fbx using Guid(74ab35ceb9668ec47ba9796dfe76ed35) Importer(815301076,1909f56bfc062723c751e8b465ee728b)  -> (artifact id: '8dc84036132cbc2663430a48fadcce74') in 0.026826 seconds 
  Import took 0.050355 seconds .

========================================================================
Received Import Request.
  Time since last request: 198.457847 seconds.
  path: Assets/Custom/Graphics/Models/fbx import/level 0/land/hugeIsland.fbx
  artifactKey: Guid(db79dcc556d9f9b48bcc19bcbabb3f59) Importer(815301076,1909f56bfc062723c751e8b465ee728b)
Start importing Assets/Custom/Graphics/Models/fbx import/level 0/land/hugeIsland.fbx using Guid(db79dcc556d9f9b48bcc19bcbabb3f59) Importer(815301076,1909f56bfc062723c751e8b465ee728b)  -> (artifact id: '7773fbdc016f9ac96afadd2ee9ba1724') in 0.379198 seconds 
  Import took 0.487765 seconds .

========================================================================
Received Prepare
Registering precompiled user dll's ...
Registered in 0.052451 seconds.
Begin MonoManager ReloadAssembly
Native extension for WindowsStandalone target not found
Refreshing native plugins compatible for Editor in 0.68 ms, found 3 plugins.
Preloading 0 native plugins for Editor in 0.00 ms.
Mono: successfully reloaded assembly
- Completed reload, in  1.473 seconds
Domain Reload Profiling:
	ReloadAssembly (1474ms)
		BeginReloadAssembly (188ms)
			ExecutionOrderSort (0ms)
			DisableScriptedObjects (8ms)
			BackupInstance (0ms)
			ReleaseScriptingObjects (0ms)
			CreateAndSetChildDomain (68ms)
		EndReloadAssembly (1215ms)
			LoadAssemblies (134ms)
			RebuildTransferFunctionScriptingTraits (0ms)
			SetupTypeCache (347ms)
			ReleaseScriptCaches (1ms)
			RebuildScriptCaches (43ms)
			SetupLoadedEditorAssemblies (387ms)
				LogAssemblyErrors (0ms)
				InitializePlatformSupportModulesInManaged (4ms)
				SetLoadedEditorAssemblies (1ms)
				RefreshPlugins (1ms)
				BeforeProcessingInitializeOnLoad (116ms)
				ProcessInitializeOnLoadAttributes (243ms)
				ProcessInitializeOnLoadMethodAttributes (12ms)
				AfterProcessingInitializeOnLoad (10ms)
				EditorAssembliesLoaded (0ms)
			ExecutionOrderSort2 (0ms)
			AwakeInstancesAfterBackupRestoration (18ms)
Platform modules already initialized, skipping
Refreshing native plugins compatible for Editor in 0.82 ms, found 3 plugins.
Preloading 0 native plugins for Editor in 0.00 ms.
Unloading 3100 Unused Serialized files (Serialized files now loaded: 0)
System memory in use before: 149.5 MB.
System memory in use after: 149.7 MB.

Unloading 19 unused Assets to reduce memory usage. Loaded Objects now: 3741.
Total: 3.479600 ms (FindLiveObjects: 0.318800 ms CreateObjectMapping: 0.158400 ms MarkObjects: 2.982200 ms  DeleteObjects: 0.019600 ms)

AssetImportParameters requested are different than current active one (requested -> active):
  custom:framework-win-MediaFoundation: 216162199b28c13a410421893ffa2e32 -> 
  custom:video-decoder-ogg-theora: a1e56fd34408186e4bbccfd4996cb3dc -> 
  custom:container-muxer-webm: aa71ff27fc2769a1b78a27578f13a17b -> 
  custom:container-demuxer-webm: 4f35f7cbe854078d1ac9338744f61a02 -> 
  custom:container-demuxer-ogg: 62fdf1f143b41e24485cea50d1cbac27 -> 
  custom:video-encoder-webm-vp8: eb34c28f22e8b96e1ab97ce403110664 -> 
  custom:video-decoder-webm-vp8: 9c59270c3fd7afecdb556c50c9e8de78 -> 
  custom:audio-decoder-ogg-vorbis: bf7c407c2cedff20999df2af8eb42d56 -> 
  custom:audio-encoder-webm-vorbis: bf7c407c2cedff20999df2af8eb42d56 -> 
========================================================================
Received Import Request.
  Time since last request: 196.929984 seconds.
  path: Assets/Custom/Graphics/Models/fbx import/level 0/land/hugeIsland.fbx
  artifactKey: Guid(db79dcc556d9f9b48bcc19bcbabb3f59) Importer(815301076,1909f56bfc062723c751e8b465ee728b)
Start importing Assets/Custom/Graphics/Models/fbx import/level 0/land/hugeIsland.fbx using Guid(db79dcc556d9f9b48bcc19bcbabb3f59) Importer(815301076,1909f56bfc062723c751e8b465ee728b)  -> (artifact id: '77796dd6b5e8e1a788b990a9896b8956') in 0.193488 seconds 
  Import took 0.198350 seconds .

========================================================================
Received Prepare
Registering precompiled user dll's ...
Registered in 0.006570 seconds.
Begin MonoManager ReloadAssembly
Native extension for WindowsStandalone target not found
Refreshing native plugins compatible for Editor in 0.57 ms, found 3 plugins.
Preloading 0 native plugins for Editor in 0.00 ms.
Mono: successfully reloaded assembly
- Completed reload, in  1.139 seconds
Domain Reload Profiling:
	ReloadAssembly (1140ms)
		BeginReloadAssembly (148ms)
			ExecutionOrderSort (0ms)
			DisableScriptedObjects (7ms)
			BackupInstance (0ms)
			ReleaseScriptingObjects (0ms)
			CreateAndSetChildDomain (48ms)
		EndReloadAssembly (914ms)
			LoadAssemblies (104ms)
			RebuildTransferFunctionScriptingTraits (0ms)
			SetupTypeCache (318ms)
			ReleaseScriptCaches (1ms)
			RebuildScriptCaches (43ms)
			SetupLoadedEditorAssemblies (306ms)
				LogAssemblyErrors (0ms)
				InitializePlatformSupportModulesInManaged (4ms)
				SetLoadedEditorAssemblies (0ms)
				RefreshPlugins (1ms)
				BeforeProcessingInitializeOnLoad (91ms)
				ProcessInitializeOnLoadAttributes (194ms)
				ProcessInitializeOnLoadMethodAttributes (9ms)
				AfterProcessingInitializeOnLoad (7ms)
				EditorAssembliesLoaded (0ms)
			ExecutionOrderSort2 (0ms)
			AwakeInstancesAfterBackupRestoration (15ms)
Platform modules already initialized, skipping
Refreshing native plugins compatible for Editor in 1.24 ms, found 3 plugins.
Preloading 0 native plugins for Editor in 0.00 ms.
Unloading 3100 Unused Serialized files (Serialized files now loaded: 0)
System memory in use before: 149.7 MB.
System memory in use after: 149.9 MB.

Unloading 19 unused Assets to reduce memory usage. Loaded Objects now: 3779.
Total: 5.904200 ms (FindLiveObjects: 0.724200 ms CreateObjectMapping: 0.337500 ms MarkObjects: 4.808300 ms  DeleteObjects: 0.032700 ms)

AssetImportParameters requested are different than current active one (requested -> active):
  custom:framework-win-MediaFoundation: 216162199b28c13a410421893ffa2e32 -> 
  custom:video-decoder-ogg-theora: a1e56fd34408186e4bbccfd4996cb3dc -> 
  custom:container-muxer-webm: aa71ff27fc2769a1b78a27578f13a17b -> 
  custom:container-demuxer-webm: 4f35f7cbe854078d1ac9338744f61a02 -> 
  custom:container-demuxer-ogg: 62fdf1f143b41e24485cea50d1cbac27 -> 
  custom:video-encoder-webm-vp8: eb34c28f22e8b96e1ab97ce403110664 -> 
  custom:video-decoder-webm-vp8: 9c59270c3fd7afecdb556c50c9e8de78 -> 
  custom:audio-decoder-ogg-vorbis: bf7c407c2cedff20999df2af8eb42d56 -> 
  custom:audio-encoder-webm-vorbis: bf7c407c2cedff20999df2af8eb42d56 -> 
========================================================================
Received Prepare
Registering precompiled user dll's ...
Registered in 0.005571 seconds.
Begin MonoManager ReloadAssembly
Native extension for WindowsStandalone target not found
Refreshing native plugins compatible for Editor in 0.60 ms, found 3 plugins.
Preloading 0 native plugins for Editor in 0.00 ms.
Mono: successfully reloaded assembly
- Completed reload, in  1.092 seconds
Domain Reload Profiling:
	ReloadAssembly (1092ms)
		BeginReloadAssembly (111ms)
			ExecutionOrderSort (0ms)
			DisableScriptedObjects (4ms)
			BackupInstance (0ms)
			ReleaseScriptingObjects (0ms)
			CreateAndSetChildDomain (33ms)
		EndReloadAssembly (908ms)
			LoadAssemblies (93ms)
			RebuildTransferFunctionScriptingTraits (0ms)
			SetupTypeCache (310ms)
			ReleaseScriptCaches (1ms)
			RebuildScriptCaches (44ms)
			SetupLoadedEditorAssemblies (316ms)
				LogAssemblyErrors (0ms)
				InitializePlatformSupportModulesInManaged (4ms)
				SetLoadedEditorAssemblies (1ms)
				RefreshPlugins (1ms)
				BeforeProcessingInitializeOnLoad (99ms)
				ProcessInitializeOnLoadAttributes (197ms)
				ProcessInitializeOnLoadMethodAttributes (8ms)
				AfterProcessingInitializeOnLoad (7ms)
				EditorAssembliesLoaded (0ms)
			ExecutionOrderSort2 (0ms)
			AwakeInstancesAfterBackupRestoration (15ms)
Platform modules already initialized, skipping
Refreshing native plugins compatible for Editor in 0.56 ms, found 3 plugins.
Preloading 0 native plugins for Editor in 0.00 ms.
Unloading 3100 Unused Serialized files (Serialized files now loaded: 0)
System memory in use before: 149.7 MB.
System memory in use after: 149.9 MB.

Unloading 19 unused Assets to reduce memory usage. Loaded Objects now: 3781.
Total: 3.486900 ms (FindLiveObjects: 0.297900 ms CreateObjectMapping: 0.143500 ms MarkObjects: 2.995300 ms  DeleteObjects: 0.049100 ms)

AssetImportParameters requested are different than current active one (requested -> active):
  custom:framework-win-MediaFoundation: 216162199b28c13a410421893ffa2e32 -> 
  custom:video-decoder-ogg-theora: a1e56fd34408186e4bbccfd4996cb3dc -> 
  custom:container-muxer-webm: aa71ff27fc2769a1b78a27578f13a17b -> 
  custom:container-demuxer-webm: 4f35f7cbe854078d1ac9338744f61a02 -> 
  custom:container-demuxer-ogg: 62fdf1f143b41e24485cea50d1cbac27 -> 
  custom:video-encoder-webm-vp8: eb34c28f22e8b96e1ab97ce403110664 -> 
  custom:video-decoder-webm-vp8: 9c59270c3fd7afecdb556c50c9e8de78 -> 
  custom:audio-decoder-ogg-vorbis: bf7c407c2cedff20999df2af8eb42d56 -> 
  custom:audio-encoder-webm-vorbis: bf7c407c2cedff20999df2af8eb42d56 -> 
========================================================================
Received Prepare
Registering precompiled user dll's ...
Registered in 0.006012 seconds.
Begin MonoManager ReloadAssembly
Native extension for WindowsStandalone target not found
Refreshing native plugins compatible for Editor in 0.76 ms, found 3 plugins.
Preloading 0 native plugins for Editor in 0.00 ms.
Mono: successfully reloaded assembly
- Completed reload, in  1.107 seconds
Domain Reload Profiling:
	ReloadAssembly (1107ms)
		BeginReloadAssembly (106ms)
			ExecutionOrderSort (0ms)
			DisableScriptedObjects (5ms)
			BackupInstance (0ms)
			ReleaseScriptingObjects (0ms)
			CreateAndSetChildDomain (32ms)
		EndReloadAssembly (943ms)
			LoadAssemblies (90ms)
			RebuildTransferFunctionScriptingTraits (0ms)
			SetupTypeCache (300ms)
			ReleaseScriptCaches (1ms)
			RebuildScriptCaches (49ms)
			SetupLoadedEditorAssemblies (346ms)
				LogAssemblyErrors (0ms)
				InitializePlatformSupportModulesInManaged (5ms)
				SetLoadedEditorAssemblies (1ms)
				RefreshPlugins (1ms)
				BeforeProcessingInitializeOnLoad (115ms)
				ProcessInitializeOnLoadAttributes (209ms)
				ProcessInitializeOnLoadMethodAttributes (9ms)
				AfterProcessingInitializeOnLoad (7ms)
				EditorAssembliesLoaded (0ms)
			ExecutionOrderSort2 (0ms)
			AwakeInstancesAfterBackupRestoration (15ms)
Platform modules already initialized, skipping
Refreshing native plugins compatible for Editor in 0.59 ms, found 3 plugins.
Preloading 0 native plugins for Editor in 0.00 ms.
Unloading 3100 Unused Serialized files (Serialized files now loaded: 0)
System memory in use before: 149.7 MB.
System memory in use after: 150.0 MB.

Unloading 19 unused Assets to reduce memory usage. Loaded Objects now: 3783.
Total: 3.563900 ms (FindLiveObjects: 0.302300 ms CreateObjectMapping: 0.118700 ms MarkObjects: 3.121800 ms  DeleteObjects: 0.020000 ms)

AssetImportParameters requested are different than current active one (requested -> active):
  custom:framework-win-MediaFoundation: 216162199b28c13a410421893ffa2e32 -> 
  custom:video-decoder-ogg-theora: a1e56fd34408186e4bbccfd4996cb3dc -> 
  custom:container-muxer-webm: aa71ff27fc2769a1b78a27578f13a17b -> 
  custom:container-demuxer-webm: 4f35f7cbe854078d1ac9338744f61a02 -> 
  custom:container-demuxer-ogg: 62fdf1f143b41e24485cea50d1cbac27 -> 
  custom:video-encoder-webm-vp8: eb34c28f22e8b96e1ab97ce403110664 -> 
  custom:video-decoder-webm-vp8: 9c59270c3fd7afecdb556c50c9e8de78 -> 
  custom:audio-decoder-ogg-vorbis: bf7c407c2cedff20999df2af8eb42d56 -> 
  custom:audio-encoder-webm-vorbis: bf7c407c2cedff20999df2af8eb42d56 -> 
========================================================================
Received Prepare
Registering precompiled user dll's ...
Registered in 0.005631 seconds.
Begin MonoManager ReloadAssembly
Native extension for WindowsStandalone target not found
Refreshing native plugins compatible for Editor in 0.56 ms, found 3 plugins.
Preloading 0 native plugins for Editor in 0.00 ms.
Mono: successfully reloaded assembly
- Completed reload, in  1.017 seconds
Domain Reload Profiling:
	ReloadAssembly (1017ms)
		BeginReloadAssembly (112ms)
			ExecutionOrderSort (0ms)
			DisableScriptedObjects (4ms)
			BackupInstance (0ms)
			ReleaseScriptingObjects (0ms)
			CreateAndSetChildDomain (30ms)
		EndReloadAssembly (847ms)
			LoadAssemblies (84ms)
			RebuildTransferFunctionScriptingTraits (0ms)
			SetupTypeCache (293ms)
			ReleaseScriptCaches (1ms)
			RebuildScriptCaches (42ms)
			SetupLoadedEditorAssemblies (295ms)
				LogAssemblyErrors (0ms)
				InitializePlatformSupportModulesInManaged (4ms)
				SetLoadedEditorAssemblies (0ms)
				RefreshPlugins (1ms)
				BeforeProcessingInitializeOnLoad (89ms)
				ProcessInitializeOnLoadAttributes (186ms)
				ProcessInitializeOnLoadMethodAttributes (8ms)
				AfterProcessingInitializeOnLoad (7ms)
				EditorAssembliesLoaded (0ms)
			ExecutionOrderSort2 (0ms)
			AwakeInstancesAfterBackupRestoration (15ms)
Platform modules already initialized, skipping
Refreshing native plugins compatible for Editor in 0.57 ms, found 3 plugins.
Preloading 0 native plugins for Editor in 0.00 ms.
Unloading 3100 Unused Serialized files (Serialized files now loaded: 0)
System memory in use before: 149.7 MB.
System memory in use after: 150.0 MB.

Unloading 19 unused Assets to reduce memory usage. Loaded Objects now: 3785.
Total: 3.318200 ms (FindLiveObjects: 0.303700 ms CreateObjectMapping: 0.123700 ms MarkObjects: 2.872400 ms  DeleteObjects: 0.017700 ms)

AssetImportParameters requested are different than current active one (requested -> active):
  custom:framework-win-MediaFoundation: 216162199b28c13a410421893ffa2e32 -> 
  custom:video-decoder-ogg-theora: a1e56fd34408186e4bbccfd4996cb3dc -> 
  custom:container-muxer-webm: aa71ff27fc2769a1b78a27578f13a17b -> 
  custom:container-demuxer-webm: 4f35f7cbe854078d1ac9338744f61a02 -> 
  custom:container-demuxer-ogg: 62fdf1f143b41e24485cea50d1cbac27 -> 
  custom:video-encoder-webm-vp8: eb34c28f22e8b96e1ab97ce403110664 -> 
  custom:video-decoder-webm-vp8: 9c59270c3fd7afecdb556c50c9e8de78 -> 
  custom:audio-decoder-ogg-vorbis: bf7c407c2cedff20999df2af8eb42d56 -> 
  custom:audio-encoder-webm-vorbis: bf7c407c2cedff20999df2af8eb42d56 -> 
