Using pre-set license
Built from '2020.3/staging' branch; Version is '2020.3.23f1 (c5d91304a876) revision 12966163'; Using compiler version '192528614'; Build Type 'Release'
OS: 'Windows 10 Home; OS build 19044.2251; Version 2009; 64bit' Language: 'en' Physical Memory: 8034 MB
BatchMode: 1, IsHumanControllingUs: 0, StartBugReporterOnCrash: 0, Is64bit: 1, IsPro: 0

COMMAND LINE ARGUMENTS:
C:\Program Files\Unity 2020.3.23f1\Editor\Unity.exe
-adb2
-batchMode
-noUpm
-name
AssetImportWorker3
-projectPath
C:/Users/Acer/Documents/Git/3D-Platformer-dh
-logFile
Logs/AssetImportWorker3.log
-srvPort
59918
Successfully changed project path to: C:/Users/Acer/Documents/Git/3D-Platformer-dh
C:/Users/Acer/Documents/Git/3D-Platformer-dh
Using Asset Import Pipeline V2.
Refreshing native plugins compatible for Editor in 56.53 ms, found 3 plugins.
Preloading 0 native plugins for Editor in 0.00 ms.
Initialize engine version: 2020.3.23f1 (c5d91304a876)
[Subsystems] Discovering subsystems at path C:/Program Files/Unity 2020.3.23f1/Editor/Data/Resources/UnitySubsystems
[Subsystems] Discovering subsystems at path C:/Users/Acer/Documents/Git/3D-Platformer-dh/Assets
GfxDevice: creating device client; threaded=0
Direct3D:
    Version:  Direct3D 11.0 [level 11.1]
    Renderer: NVIDIA GeForce GTX 1050 (ID=0x1c8d)
    Vendor:   
    VRAM:     4019 MB
    Driver:   31.0.15.1748
Initialize mono
Mono path[0] = 'C:/Program Files/Unity 2020.3.23f1/Editor/Data/Managed'
Mono path[1] = 'C:/Program Files/Unity 2020.3.23f1/Editor/Data/MonoBleedingEdge/lib/mono/unityjit'
Mono config path = 'C:/Program Files/Unity 2020.3.23f1/Editor/Data/MonoBleedingEdge/etc'
Using monoOptions --debugger-agent=transport=dt_socket,embedding=1,server=y,suspend=n,address=127.0.0.1:56308
Begin MonoManager ReloadAssembly
Registering precompiled unity dll's ...
Register platform support module: C:/Program Files/Unity 2020.3.23f1/Editor/Data/PlaybackEngines/WindowsStandaloneSupport/UnityEditor.WindowsStandalone.Extensions.dll
Registered in 0.002039 seconds.
Native extension for WindowsStandalone target not found
Refreshing native plugins compatible for Editor in 54.74 ms, found 3 plugins.
Preloading 0 native plugins for Editor in 0.00 ms.
Mono: successfully reloaded assembly
- Completed reload, in  0.585 seconds
Domain Reload Profiling:
	ReloadAssembly (585ms)
		BeginReloadAssembly (55ms)
			ExecutionOrderSort (0ms)
			DisableScriptedObjects (0ms)
			BackupInstance (0ms)
			ReleaseScriptingObjects (0ms)
			CreateAndSetChildDomain (1ms)
		EndReloadAssembly (459ms)
			LoadAssemblies (53ms)
			RebuildTransferFunctionScriptingTraits (0ms)
			SetupTypeCache (153ms)
			ReleaseScriptCaches (0ms)
			RebuildScriptCaches (31ms)
			SetupLoadedEditorAssemblies (180ms)
				LogAssemblyErrors (0ms)
				InitializePlatformSupportModulesInManaged (4ms)
				SetLoadedEditorAssemblies (0ms)
				RefreshPlugins (55ms)
				BeforeProcessingInitializeOnLoad (16ms)
				ProcessInitializeOnLoadAttributes (78ms)
				ProcessInitializeOnLoadMethodAttributes (26ms)
				AfterProcessingInitializeOnLoad (0ms)
				EditorAssembliesLoaded (0ms)
			ExecutionOrderSort2 (0ms)
			AwakeInstancesAfterBackupRestoration (0ms)
Platform modules already initialized, skipping
Registering precompiled user dll's ...
Registered in 0.006386 seconds.
Begin MonoManager ReloadAssembly
Native extension for WindowsStandalone target not found
Refreshing native plugins compatible for Editor in 65.26 ms, found 3 plugins.
Preloading 0 native plugins for Editor in 0.00 ms.
Mono: successfully reloaded assembly
- Completed reload, in  6.752 seconds
Domain Reload Profiling:
	ReloadAssembly (6851ms)
		BeginReloadAssembly (136ms)
			ExecutionOrderSort (0ms)
			DisableScriptedObjects (4ms)
			BackupInstance (0ms)
			ReleaseScriptingObjects (0ms)
			CreateAndSetChildDomain (18ms)
		EndReloadAssembly (6480ms)
			LoadAssemblies (3723ms)
			RebuildTransferFunctionScriptingTraits (0ms)
			SetupTypeCache (1193ms)
			ReleaseScriptCaches (1ms)
			RebuildScriptCaches (52ms)
			SetupLoadedEditorAssemblies (1293ms)
				LogAssemblyErrors (0ms)
				InitializePlatformSupportModulesInManaged (3ms)
				SetLoadedEditorAssemblies (0ms)
				RefreshPlugins (65ms)
				BeforeProcessingInitializeOnLoad (101ms)
				ProcessInitializeOnLoadAttributes (1015ms)
				ProcessInitializeOnLoadMethodAttributes (101ms)
				AfterProcessingInitializeOnLoad (7ms)
				EditorAssembliesLoaded (0ms)
			ExecutionOrderSort2 (0ms)
			AwakeInstancesAfterBackupRestoration (6ms)
Platform modules already initialized, skipping
========================================================================
Worker process is ready to serve import requests
Launched and connected shader compiler UnityShaderCompiler.exe after 0.29 seconds
Refreshing native plugins compatible for Editor in 0.63 ms, found 3 plugins.
Preloading 0 native plugins for Editor in 0.00 ms.
Unloading 3210 Unused Serialized files (Serialized files now loaded: 0)
System memory in use before: 150.7 MB.
System memory in use after: 150.9 MB.

Unloading 24 unused Assets to reduce memory usage. Loaded Objects now: 3656.
Total: 3.183900 ms (FindLiveObjects: 0.285700 ms CreateObjectMapping: 0.123400 ms MarkObjects: 2.652400 ms  DeleteObjects: 0.121600 ms)

AssetImportParameters requested are different than current active one (requested -> active):
  custom:framework-win-MediaFoundation: 216162199b28c13a410421893ffa2e32 -> 
  custom:video-decoder-ogg-theora: a1e56fd34408186e4bbccfd4996cb3dc -> 
  custom:container-muxer-webm: aa71ff27fc2769a1b78a27578f13a17b -> 
  custom:container-demuxer-webm: 4f35f7cbe854078d1ac9338744f61a02 -> 
  custom:container-demuxer-ogg: 62fdf1f143b41e24485cea50d1cbac27 -> 
  custom:video-encoder-webm-vp8: eb34c28f22e8b96e1ab97ce403110664 -> 
  custom:video-decoder-webm-vp8: 9c59270c3fd7afecdb556c50c9e8de78 -> 
  custom:audio-decoder-ogg-vorbis: bf7c407c2cedff20999df2af8eb42d56 -> 
  custom:audio-encoder-webm-vorbis: bf7c407c2cedff20999df2af8eb42d56 -> 
========================================================================
Received Import Request.
  path: Assets/Custom/Graphics/Materials/Terrain 0.mat
  artifactKey: Guid(74b41a61903ea9841adae59b02b72bdc) Importer(815301076,1909f56bfc062723c751e8b465ee728b)
Start importing Assets/Custom/Graphics/Materials/Terrain 0.mat using Guid(74b41a61903ea9841adae59b02b72bdc) Importer(815301076,1909f56bfc062723c751e8b465ee728b)  -> (artifact id: '875411be9e3c3d3871b4ec7041beab2c') in 1.028321 seconds 
  Import took 1.083642 seconds .

========================================================================
Received Import Request.
  Time since last request: 56.514573 seconds.
  path: Assets/Custom/Graphics/Textures/Terrain 0/ao_T0.png
  artifactKey: Guid(b80419f31e8d09e4bb777c0ddc5cf576) Importer(815301076,1909f56bfc062723c751e8b465ee728b)
Start importing Assets/Custom/Graphics/Textures/Terrain 0/ao_T0.png using Guid(b80419f31e8d09e4bb777c0ddc5cf576) Importer(815301076,1909f56bfc062723c751e8b465ee728b)  -> (artifact id: '45134efa87058c69513c6daf29568290') in 0.135336 seconds 
  Import took 0.154852 seconds .

========================================================================
Received Import Request.
  Time since last request: 0.000313 seconds.
  path: Assets/Custom/Graphics/Textures/Terrain 0/met_T0.png
  artifactKey: Guid(c6c0c754db1b8f047850774d267d5c79) Importer(815301076,1909f56bfc062723c751e8b465ee728b)
Start importing Assets/Custom/Graphics/Textures/Terrain 0/met_T0.png using Guid(c6c0c754db1b8f047850774d267d5c79) Importer(815301076,1909f56bfc062723c751e8b465ee728b)  -> (artifact id: 'fbf64772f1da3ab585c2a4b05f0a42e3') in 0.047457 seconds 
  Import took 0.086046 seconds .

========================================================================
Received Import Request.
  Time since last request: 0.000306 seconds.
  path: Assets/Custom/Graphics/Textures/Terrain 0/diff_T0.png
  artifactKey: Guid(d177a6f7c225b9746a9ea8ce201d397d) Importer(815301076,1909f56bfc062723c751e8b465ee728b)
Start importing Assets/Custom/Graphics/Textures/Terrain 0/diff_T0.png using Guid(d177a6f7c225b9746a9ea8ce201d397d) Importer(815301076,1909f56bfc062723c751e8b465ee728b)  -> (artifact id: 'cbb3703a0ee2a88aa8030d4e334829a1') in 0.046419 seconds 
  Import took 0.065495 seconds .

========================================================================
Received Import Request.
  Time since last request: 0.000270 seconds.
  path: Assets/Custom/Graphics/Textures/Terrain 0/hei_T0.png
  artifactKey: Guid(75056e830d245bd4baa6101d9d20f310) Importer(815301076,1909f56bfc062723c751e8b465ee728b)
Start importing Assets/Custom/Graphics/Textures/Terrain 0/hei_T0.png using Guid(75056e830d245bd4baa6101d9d20f310) Importer(815301076,1909f56bfc062723c751e8b465ee728b)  -> (artifact id: 'efd113e3d574c988836a171f3d5c4af7') in 0.013047 seconds 
  Import took 0.036998 seconds .

========================================================================
Received Import Request.
  Time since last request: 0.000291 seconds.
  path: Assets/Custom/Graphics/Textures/Terrain 0/nor_T0.png
  artifactKey: Guid(468971440cacf724699fd5658ee1d28a) Importer(815301076,1909f56bfc062723c751e8b465ee728b)
Start importing Assets/Custom/Graphics/Textures/Terrain 0/nor_T0.png using Guid(468971440cacf724699fd5658ee1d28a) Importer(815301076,1909f56bfc062723c751e8b465ee728b)  -> (artifact id: '94c35ab60711c02b7eacd927bf8b50f1') in 0.014756 seconds 
  Import took 0.038828 seconds .

========================================================================
Received Import Request.
  Time since last request: 11.917691 seconds.
  path: Assets/Custom/Graphics/Textures/Terrain 0/nor_T0.png
  artifactKey: Guid(468971440cacf724699fd5658ee1d28a) Importer(815301076,1909f56bfc062723c751e8b465ee728b)
Start importing Assets/Custom/Graphics/Textures/Terrain 0/nor_T0.png using Guid(468971440cacf724699fd5658ee1d28a) Importer(815301076,1909f56bfc062723c751e8b465ee728b)  -> (artifact id: 'd8fb8aaf2be211ae8eb02169b6ef28d1') in 0.021726 seconds 
  Import took 0.042356 seconds .

========================================================================
Received Prepare
Registering precompiled user dll's ...
Registered in 0.005596 seconds.
Begin MonoManager ReloadAssembly
Native extension for WindowsStandalone target not found
Refreshing native plugins compatible for Editor in 0.54 ms, found 3 plugins.
Preloading 0 native plugins for Editor in 0.00 ms.
Mono: successfully reloaded assembly
- Completed reload, in  1.056 seconds
Domain Reload Profiling:
	ReloadAssembly (1057ms)
		BeginReloadAssembly (130ms)
			ExecutionOrderSort (0ms)
			DisableScriptedObjects (6ms)
			BackupInstance (0ms)
			ReleaseScriptingObjects (0ms)
			CreateAndSetChildDomain (36ms)
		EndReloadAssembly (864ms)
			LoadAssemblies (91ms)
			RebuildTransferFunctionScriptingTraits (0ms)
			SetupTypeCache (307ms)
			ReleaseScriptCaches (1ms)
			RebuildScriptCaches (40ms)
			SetupLoadedEditorAssemblies (293ms)
				LogAssemblyErrors (0ms)
				InitializePlatformSupportModulesInManaged (3ms)
				SetLoadedEditorAssemblies (0ms)
				RefreshPlugins (1ms)
				BeforeProcessingInitializeOnLoad (87ms)
				ProcessInitializeOnLoadAttributes (186ms)
				ProcessInitializeOnLoadMethodAttributes (8ms)
				AfterProcessingInitializeOnLoad (7ms)
				EditorAssembliesLoaded (0ms)
			ExecutionOrderSort2 (0ms)
			AwakeInstancesAfterBackupRestoration (14ms)
Platform modules already initialized, skipping
Refreshing native plugins compatible for Editor in 0.54 ms, found 3 plugins.
Preloading 0 native plugins for Editor in 0.00 ms.
Unloading 3098 Unused Serialized files (Serialized files now loaded: 0)
System memory in use before: 148.8 MB.
System memory in use after: 149.1 MB.

Unloading 19 unused Assets to reduce memory usage. Loaded Objects now: 3739.
Total: 3.091500 ms (FindLiveObjects: 0.283100 ms CreateObjectMapping: 0.141500 ms MarkObjects: 2.646500 ms  DeleteObjects: 0.019200 ms)

AssetImportParameters requested are different than current active one (requested -> active):
  custom:framework-win-MediaFoundation: 216162199b28c13a410421893ffa2e32 -> 
  custom:video-decoder-ogg-theora: a1e56fd34408186e4bbccfd4996cb3dc -> 
  custom:container-muxer-webm: aa71ff27fc2769a1b78a27578f13a17b -> 
  custom:container-demuxer-webm: 4f35f7cbe854078d1ac9338744f61a02 -> 
  custom:container-demuxer-ogg: 62fdf1f143b41e24485cea50d1cbac27 -> 
  custom:video-encoder-webm-vp8: eb34c28f22e8b96e1ab97ce403110664 -> 
  custom:video-decoder-webm-vp8: 9c59270c3fd7afecdb556c50c9e8de78 -> 
  custom:audio-decoder-ogg-vorbis: bf7c407c2cedff20999df2af8eb42d56 -> 
  custom:audio-encoder-webm-vorbis: bf7c407c2cedff20999df2af8eb42d56 -> 
AssetImportWorkerClient::OnTransportError - code=2 error=End of file
